生成启动时间为 2018/9/18 17:23:58。
     1>项目“C:\Users\寻ME\Desktop\STL模板程序\LeetCode\引擎代码\简易游戏引擎\EGame\EGame.vcxproj”在节点 2 上(Build 个目标)。
     1>ClCompile:
         C:\Program Files (x86)\Microsoft Visual Studio 12.0\VC\bin\CL.exe /c /Iinclude /I..\ECore\include /I..\EEngine\include /Zi /nologo /W3 /WX- /Ox /Oi /Oy- /GL /D WIN32 /D NDEBUG /D _WINDOWS /Gm- /EHsc /MD /GS /Gy /fp:fast /Zc:wchar_t /Zc:forScope /Fo"Release\\" /Fd"Release\vc120.pdb" /Gd /TP /wd4305 /wd4244 /analyze- /errorReport:prompt src\EAITank.cpp src\EBullet.cpp src\EGame.cpp src\EGameManager.cpp src\EPayerController.cpp src\ETank.cpp src\WinMain.cpp
         EAITank.cpp
         EBullet.cpp
         EGame.cpp
         EGameManager.cpp
         EPayerController.cpp
         ETank.cpp
         WinMain.cpp
       ResourceCompile:
         C:\Program Files (x86)\Windows Kits\8.1\bin\x86\rc.exe /l"0x0409" /nologo /fo"Release\EEngine.res" res\EEngine.rc 
       Link:
         C:\Program Files (x86)\Microsoft Visual Studio 12.0\VC\bin\link.exe /ERRORREPORT:PROMPT /OUT:"C:\Users\寻ME\Desktop\STL模板程序\LeetCode\引擎代码\简易游戏引擎\Release\EGame.exe" /INCREMENTAL:NO /NOLOGO gdiplus.lib Winmm.lib User32.lib kernel32.lib user32.lib gdi32.lib winspool.lib comdlg32.lib advapi32.lib shell32.lib ole32.lib oleaut32.lib uuid.lib odbc32.lib odbccp32.lib /MANIFEST /MANIFESTUAC:"level='asInvoker' uiAccess='false'" /manifest:embed /DEBUG /PDB:"C:\Users\寻ME\Desktop\STL模板程序\LeetCode\引擎代码\简易游戏引擎\Release\EGame.pdb" /SUBSYSTEM:WINDOWS /OPT:REF /OPT:ICF /LTCG /TLBID:1 /DYNAMICBASE /NXCOMPAT /IMPLIB:"C:\Users\寻ME\Desktop\STL模板程序\LeetCode\引擎代码\简易游戏引擎\Release\EGame.lib" /MACHINE:X86 /PROFILE /SAFESEH Release\EEngine.res
         Release\EAITank.obj
         Release\EBullet.obj
         Release\EGame.obj
         Release\EGameManager.obj
         Release\EPayerController.obj
         Release\ETank.obj
         Release\WinMain.obj
         "C:\Users\寻ME\Desktop\STL模板程序\LeetCode\引擎代码\简易游戏引擎\Lib\ECore.lib"
         "C:\Users\寻ME\Desktop\STL模板程序\LeetCode\引擎代码\简易游戏引擎\Lib\EEngine.lib"
         正在生成代码
         已完成代码的生成
         EGame.vcxproj -> C:\Users\寻ME\Desktop\STL模板程序\LeetCode\引擎代码\简易游戏引擎\Release\EGame.exe
     1>已完成生成项目“C:\Users\寻ME\Desktop\STL模板程序\LeetCode\引擎代码\简易游戏引擎\EGame\EGame.vcxproj”(Build 个目标)的操作。

生成成功。

已用时间 00:00:40.30
